0 info it worked if it ends with ok
1 verbose cli [ 'C:\\Program Files\\nodejs\\node.exe',
1 verbose cli   'C:\\Program Files\\nodejs\\node_modules\\npm\\bin\\npm-cli.js',
1 verbose cli   'it' ]
2 info using npm@3.10.10
3 info using node@v6.9.4
4 silly loadCurrentTree Starting
5 silly install loadCurrentTree
6 silly install readLocalPackageData
7 silly install normalizeTree
8 silly loadCurrentTree Finishing
9 silly loadIdealTree Starting
10 silly install loadIdealTree
11 silly cloneCurrentTree Starting
12 silly install cloneCurrentTreeToIdealTree
13 silly cloneCurrentTree Finishing
14 silly loadShrinkwrap Starting
15 silly install loadShrinkwrap
16 silly loadShrinkwrap Finishing
17 silly loadAllDepsIntoIdealTree Starting
18 silly install loadAllDepsIntoIdealTree
19 silly loadAllDepsIntoIdealTree Finishing
20 silly loadIdealTree Finishing
21 silly currentTree Alyle-UI
22 silly idealTree Alyle-UI
23 silly generateActionsToTake Starting
24 silly install generateActionsToTake
25 silly generateActionsToTake Finishing
26 silly diffTrees action count 0
27 silly decomposeActions action count 0
28 silly runTopLevelLifecycles Starting
29 silly install runPreinstallTopLevelLifecycles
30 silly preinstall Alyle-UI C:\Users\Fx\Documents\Alyle-UI\Alyle-UI-b7d4ed8d
31 info lifecycle undefined~preinstall: undefined
32 silly lifecycle undefined~preinstall: no script for preinstall, continuing
33 silly executeActions Starting
34 silly install executeActions
35 silly doSerial global-install 0
36 silly doParallel fetch 0
37 verbose correctMkdir C:\Users\Fx\AppData\Roaming\npm-cache\_locks correctMkdir not in flight; initializing
38 verbose lock using C:\Users\Fx\AppData\Roaming\npm-cache\_locks\staging-4dc7dac07f86db02.lock for C:\Users\Fx\Documents\Alyle-UI\node_modules\.staging
39 silly doParallel extract 0
40 silly doParallel preinstall 0
41 silly doReverseSerial remove 0
42 silly doSerial move 0
43 silly doSerial finalize 0
44 silly doSerial build 0
45 silly doSerial global-link 0
46 silly doParallel update-linked 0
47 silly doSerial install 0
48 silly doSerial postinstall 0
49 verbose unlock done using C:\Users\Fx\AppData\Roaming\npm-cache\_locks\staging-4dc7dac07f86db02.lock for C:\Users\Fx\Documents\Alyle-UI\node_modules\.staging
50 silly executeActions Finishing
51 silly rollbackFailedOptional Starting
52 silly rollbackFailedOptional Finishing
53 silly install runPostinstallTopLevelLifecycles
54 silly build Alyle-UI
55 info linkStuff !invalid#1
56 silly linkStuff !invalid#1 has C:\Users\Fx\Documents as its parent node_modules
57 verbose linkBins !invalid#1
58 verbose linkMans !invalid#1
59 silly install Alyle-UI C:\Users\Fx\Documents\Alyle-UI\Alyle-UI-b7d4ed8d
60 info lifecycle undefined~install: undefined
61 silly lifecycle undefined~install: no script for install, continuing
62 silly postinstall Alyle-UI C:\Users\Fx\Documents\Alyle-UI\Alyle-UI-b7d4ed8d
63 info lifecycle undefined~postinstall: undefined
64 silly lifecycle undefined~postinstall: no script for postinstall, continuing
65 silly prepublish Alyle-UI C:\Users\Fx\Documents\Alyle-UI\Alyle-UI-b7d4ed8d
66 info lifecycle undefined~prepublish: undefined
67 silly lifecycle undefined~prepublish: no script for prepublish, continuing
68 silly runTopLevelLifecycles Finishing
69 silly install printInstalled
70 warn enoent ENOENT: no such file or directory, open 'C:\Users\Fx\Documents\Alyle-UI\package.json'
71 verbose enoent ENOENT: no such file or directory, open 'C:\Users\Fx\Documents\Alyle-UI\package.json'
71 verbose enoent This is most likely not a problem with npm itself
71 verbose enoent and is related to npm not being able to find a file.
72 warn Alyle-UI No description
73 verbose If you need help, you may report this error at:
73 verbose     <https://github.com/npm/npm/issues>
74 warn Alyle-UI No repository field.
75 verbose If you need help, you may report this error at:
75 verbose     <https://github.com/npm/npm/issues>
76 warn Alyle-UI No README data
77 verbose If you need help, you may report this error at:
77 verbose     <https://github.com/npm/npm/issues>
78 warn Alyle-UI No license field.
79 verbose If you need help, you may report this error at:
79 verbose     <https://github.com/npm/npm/issues>
80 verbose stack Error: ENOENT: no such file or directory, open 'C:\Users\Fx\Documents\Alyle-UI\package.json'
80 verbose stack     at Error (native)
81 verbose cwd C:\Users\Fx\Documents\Alyle-UI
82 error Windows_NT 10.0.10240
83 error argv "C:\\Program Files\\nodejs\\node.exe" "C:\\Program Files\\nodejs\\node_modules\\npm\\bin\\npm-cli.js" "it"
84 error node v6.9.4
85 error npm  v3.10.10
86 error path C:\Users\Fx\Documents\Alyle-UI\package.json
87 error code ENOENT
88 error errno -4058
89 error syscall open
90 error enoent ENOENT: no such file or directory, open 'C:\Users\Fx\Documents\Alyle-UI\package.json'
91 error enoent ENOENT: no such file or directory, open 'C:\Users\Fx\Documents\Alyle-UI\package.json'
91 error enoent This is most likely not a problem with npm itself
91 error enoent and is related to npm not being able to find a file.
92 verbose exit [ -4058, true ]
